Determining if the pthread_create exist failed with the following output:
Change Dir: /home/baronvladziu/Projects/Vulkan/FDM-3D/src/cmake-build-debug/CMakeFiles/CMakeTmp

Run Build Command:"/usr/bin/make" "cmTC_30714/fast"
/usr/bin/make -f CMakeFiles/cmTC_30714.dir/build.make CMakeFiles/cmTC_30714.dir/build
make[1]: Entering directory '/home/baronvladziu/Projects/Vulkan/FDM-3D/src/cmake-build-debug/CMakeFiles/CMakeTmp'
Building C object CMakeFiles/cmTC_30714.dir/CheckSymbolExists.c.o
/usr/bin/cc    -o CMakeFiles/cmTC_30714.dir/CheckSymbolExists.c.o   -c /home/baronvladziu/Projects/Vulkan/FDM-3D/src/cmake-build-debug/CMakeFiles/CMakeTmp/CheckSymbolExists.c
Linking C executable cmTC_30714
/home/baronvladziu/Downloads/CLion-2018.2.2/clion-2018.2.2/bin/cmake/linux/bin/cmake -E cmake_link_script CMakeFiles/cmTC_30714.dir/link.txt --verbose=1
/usr/bin/cc      CMakeFiles/cmTC_30714.dir/CheckSymbolExists.c.o  -o cmTC_30714 
CMakeFiles/cmTC_30714.dir/CheckSymbolExists.c.o: In function `main':
CheckSymbolExists.c:(.text+0x1b): undefined reference to `pthread_create'
collect2: error: ld returned 1 exit status
CMakeFiles/cmTC_30714.dir/build.make:86: recipe for target 'cmTC_30714' failed
make[1]: *** [cmTC_30714] Error 1
make[1]: Leaving directory '/home/baronvladziu/Projects/Vulkan/FDM-3D/src/cmake-build-debug/CMakeFiles/CMakeTmp'
Makefile:121: recipe for target 'cmTC_30714/fast' failed
make: *** [cmTC_30714/fast] Error 2

File /home/baronvladziu/Projects/Vulkan/FDM-3D/src/cmake-build-debug/CMakeFiles/CMakeTmp/CheckSymbolExists.c:
/* */
#include <pthread.h>

int main(int argc, char** argv)
{
  (void)argv;
#ifndef pthread_create
  return ((int*)(&pthread_create))[argc];
#else
  (void)argc;
  return 0;
#endif
}

Determining if the function pthread_create exists in the pthreads failed with the following output:
Change Dir: /home/baronvladziu/Projects/Vulkan/FDM-3D/src/cmake-build-debug/CMakeFiles/CMakeTmp

Run Build Command:"/usr/bin/make" "cmTC_5dcc7/fast"
/usr/bin/make -f CMakeFiles/cmTC_5dcc7.dir/build.make CMakeFiles/cmTC_5dcc7.dir/build
make[1]: Entering directory '/home/baronvladziu/Projects/Vulkan/FDM-3D/src/cmake-build-debug/CMakeFiles/CMakeTmp'
Building C object CMakeFiles/cmTC_5dcc7.dir/CheckFunctionExists.c.o
/usr/bin/cc   -DCHECK_FUNCTION_EXISTS=pthread_create   -o CMakeFiles/cmTC_5dcc7.dir/CheckFunctionExists.c.o   -c /home/baronvladziu/Downloads/CLion-2018.2.2/clion-2018.2.2/bin/cmake/linux/share/cmake-3.12/Modules/CheckFunctionExists.c
Linking C executable cmTC_5dcc7
/home/baronvladziu/Downloads/CLion-2018.2.2/clion-2018.2.2/bin/cmake/linux/bin/cmake -E cmake_link_script CMakeFiles/cmTC_5dcc7.dir/link.txt --verbose=1
/usr/bin/cc  -DCHECK_FUNCTION_EXISTS=pthread_create    CMakeFiles/cmTC_5dcc7.dir/CheckFunctionExists.c.o  -o cmTC_5dcc7 -lpthreads 
/usr/bin/x86_64-linux-gnu-ld: cannot find -lpthreads
collect2: error: ld returned 1 exit status
CMakeFiles/cmTC_5dcc7.dir/build.make:86: recipe for target 'cmTC_5dcc7' failed
make[1]: *** [cmTC_5dcc7] Error 1
make[1]: Leaving directory '/home/baronvladziu/Projects/Vulkan/FDM-3D/src/cmake-build-debug/CMakeFiles/CMakeTmp'
Makefile:121: recipe for target 'cmTC_5dcc7/fast' failed
make: *** [cmTC_5dcc7/fast] Error 2


